<?xml version="1.0" encoding="UTF-8"?>
<!-- Generated by org.testng.reporters.JUnitXMLReporter -->
<testsuite ignored="0" hostname="LAPTOP-JITHUK" failures="0" tests="2" name="ValidateCustomerPage" time="46.204" errors="0" timestamp="2021-11-22T21:47:46 IST">
  <testcase classname="JKE2EProjectTests.CustomerPageTest" name="CustomerPageSearchEmailTest" time="7.316"/>
  <testcase classname="JKE2EProjectTests.CustomerPageTest" name="CustomerPageSearchFirstNameTest" time="4.301"/>
</testsuite> <!-- ValidateCustomerPage -->
