-------------------------------------------------------------------------------
Test set: TestSuite
-------------------------------------------------------------------------------
Tests run: 5, Failures: 1, Errors: 0, Skipped: 0, Time elapsed: 94.561 s <<< FAILURE! - in TestSuite
CustomerPageSearchEmailTest(JKE2EProject.CustomerPageTest)  Time elapsed: 5.694 s  <<< FAILURE!
java.lang.AssertionError: expected [1-1 of 1 items] but found [1-6 of 6 items]
	at JKE2EProject.CustomerPageTest.CustomerPageSearchEmailTest(CustomerPageTest.java:52)

