<?xml version="1.0" encoding="UTF-8"?>
<testsuite xmlns:xsi="http://www.w3.org/2001/XMLSchema-instance" xsi:noNamespaceSchemaLocation="https://maven.apache.org/surefire/maven-surefire-plugin/xsd/surefire-test-report.xsd" name="TestSuite" time="94.561" tests="5" errors="0" skipped="0" failures="1">
  <properties>
[...]
</properties>
  <testcase name="LoginTest" classname="JKE2EProject.LoginPageTest" time="4.293"/>
  <testcase name="LoginTest" classname="JKE2EProject.LoginPageTest" time="17.154"/>
  <testcase name="CustomerPageSearchEmailTest" classname="JKE2EProject.CustomerPageTest" time="5.694">
    <failure message="expected [1-1 of 1 items] but found [1-6 of 6 items]" type="java.lang.AssertionError">java.lang.AssertionError: expected [1-1 of 1 items] but found [1-6 of 6 items]
	at JKE2EProject.CustomerPageTest.CustomerPageSearchEmailTest(CustomerPageTest.java:52)
</failure>
  </testcase>
  <testcase name="CustomerPageSearchFirstNameTest" classname="JKE2EProject.CustomerPageTest" time="19.848"/>
  <testcase name="HomeTest" classname="JKE2EProject.HomePageTest" time="22.853"/>
</testsuite>