<?xml version="1.0" encoding="UTF-8"?>
<testng-results ignored="0" total="5" passed="4" failed="1" skipped="0">
  <reporter-output>
  </reporter-output>
  <suite started-at="2021-11-22T19:49:07 IST" name="Suite" finished-at="2021-11-22T19:49:31 IST" duration-ms="23289">
    <groups>
    </groups>
    <test started-at="2021-11-22T19:49:07 IST" name="ValidateLoginTest" finished-at="2021-11-22T19:49:25 IST" duration-ms="17546">
      <class name="JKE2EProjectTests.LoginPageTest">
        <test-method is-config="true" signature="initialize()[pri:0, instance:JKE2EProjectTests.LoginPageTest@ecf9049]" started-at="2021-11-22T19:49:07 IST" name="initialize" finished-at="2021-11-22T19:49:12 IST" duration-ms="4225" status="PASS">
          <reporter-output>
          </reporter-output>
        </test-method> <!-- initialize -->
        <test-method signature="LoginTest(java.lang.String,java.lang.String,java.lang.String)[pri:0, instance:JKE2EProjectTests.LoginPageTest@ecf9049]" started-at="2021-11-22T19:49:12 IST" name="LoginTest" description="Verify logging in with two different users" data-provider="getData" finished-at="2021-11-22T19:49:21 IST" duration-ms="9427" status="PASS">
          <params>
            <param index="0">
              <value>
                <![CDATA[admin@yourstore.com]]>
              </value>
            </param>
            <param index="1">
              <value>
                <![CDATA[admin]]>
              </value>
            </param>
            <param index="2">
              <value>
                <![CDATA[SuperAdmin]]>
              </value>
            </param>
          </params>
          <reporter-output>
          </reporter-output>
        </test-method> <!-- LoginTest -->
        <test-method signature="LoginTest(java.lang.String,java.lang.String,java.lang.String)[pri:0, instance:JKE2EProjectTests.LoginPageTest@ecf9049]" started-at="2021-11-22T19:49:21 IST" name="LoginTest" description="Verify logging in with two different users" data-provider="getData" finished-at="2021-11-22T19:49:25 IST" duration-ms="3706" status="PASS">
          <params>
            <param index="0">
              <value>
                <![CDATA[ADMIN@YOURSTORE.com]]>
              </value>
            </param>
            <param index="1">
              <value>
                <![CDATA[admin]]>
              </value>
            </param>
            <param index="2">
              <value>
                <![CDATA[Admin]]>
              </value>
            </param>
          </params>
          <reporter-output>
          </reporter-output>
        </test-method> <!-- LoginTest -->
        <test-method is-config="true" signature="teardown()[pri:0, instance:JKE2EProjectTests.LoginPageTest@ecf9049]" started-at="2021-11-22T19:49:25 IST" name="teardown" finished-at="2021-11-22T19:49:25 IST" duration-ms="119" status="PASS">
          <reporter-output>
          </reporter-output>
        </test-method> <!-- teardown -->
      </class> <!-- JKE2EProjectTests.LoginPageTest -->
    </test> <!-- ValidateLoginTest -->
    <test started-at="2021-11-22T19:49:07 IST" name="ValidateHomePage" finished-at="2021-11-22T19:49:27 IST" duration-ms="19688">
      <class name="JKE2EProjectTests.HomePageTest">
        <test-method is-config="true" signature="initialize()[pri:0, instance:JKE2EProjectTests.HomePageTest@1e11bc55]" started-at="2021-11-22T19:49:07 IST" name="initialize" finished-at="2021-11-22T19:49:16 IST" duration-ms="9074" status="PASS">
          <reporter-output>
          </reporter-output>
        </test-method> <!-- initialize -->
        <test-method signature="HomeTest()[pri:0, instance:JKE2EProjectTests.HomePageTest@1e11bc55]" started-at="2021-11-22T19:49:16 IST" name="HomeTest" description="Verify all the side menu items are displayed" finished-at="2021-11-22T19:49:27 IST" duration-ms="10541" status="PASS">
          <reporter-output>
          </reporter-output>
        </test-method> <!-- HomeTest -->
        <test-method is-config="true" signature="teardown()[pri:0, instance:JKE2EProjectTests.HomePageTest@1e11bc55]" started-at="2021-11-22T19:49:27 IST" name="teardown" finished-at="2021-11-22T19:49:27 IST" duration-ms="62" status="PASS">
          <reporter-output>
          </reporter-output>
        </test-method> <!-- teardown -->
      </class> <!-- JKE2EProjectTests.HomePageTest -->
    </test> <!-- ValidateHomePage -->
    <test started-at="2021-11-22T19:49:07 IST" name="ValidateCustomerPage" finished-at="2021-11-22T19:49:31 IST" duration-ms="23289">
      <class name="JKE2EProjectTests.CustomerPageTest">
        <test-method is-config="true" signature="initialize()[pri:0, instance:JKE2EProjectTests.CustomerPageTest@5be82d43]" started-at="2021-11-22T19:49:07 IST" name="initialize" finished-at="2021-11-22T19:49:22 IST" duration-ms="14726" status="PASS">
          <reporter-output>
          </reporter-output>
        </test-method> <!-- initialize -->
        <test-method signature="CustomerPageSearchEmailTest()[pri:0, instance:JKE2EProjectTests.CustomerPageTest@5be82d43]" started-at="2021-11-22T19:49:22 IST" name="CustomerPageSearchEmailTest" description="Verify searching of customers using Email ID" finished-at="2021-11-22T19:49:25 IST" duration-ms="3468" status="FAIL">
          <exception class="java.lang.AssertionError">
            <message>
              <![CDATA[expected [1-1 of 1 items] but found [1-6 of 6 items]]]>
            </message>
            <full-stacktrace>
              <![CDATA[java.lang.AssertionError: expected [1-1 of 1 items] but found [1-6 of 6 items]
at org.testng.Assert.fail(Assert.java:99)
at org.testng.Assert.failNotEquals(Assert.java:1037)
at org.testng.Assert.assertEqualsImpl(Assert.java:140)
at org.testng.Assert.assertEquals(Assert.java:122)
at org.testng.Assert.assertEquals(Assert.java:629)
at org.testng.Assert.assertEquals(Assert.java:639)
at JKE2EProjectTests.CustomerPageTest.CustomerPageSearchEmailTest(CustomerPageTest.java:52)
at java.base/jdk.internal.reflect.NativeMethodAccessorImpl.invoke0(Native Method)
at java.base/jdk.internal.reflect.NativeMethodAccessorImpl.invoke(NativeMethodAccessorImpl.java:62)
at java.base/jdk.internal.reflect.DelegatingMethodAccessorImpl.invoke(DelegatingMethodAccessorImpl.java:43)
at java.base/java.lang.reflect.Method.invoke(Method.java:566)
at org.testng.internal.MethodInvocationHelper.invokeMethod(MethodInvocationHelper.java:133)
at org.testng.internal.TestInvoker.invokeMethod(TestInvoker.java:598)
at org.testng.internal.TestInvoker.invokeTestMethod(TestInvoker.java:173)
at org.testng.internal.MethodRunner.runInSequence(MethodRunner.java:46)
at org.testng.internal.TestInvoker$MethodInvocationAgent.invoke(TestInvoker.java:824)
at org.testng.internal.TestInvoker.invokeTestMethods(TestInvoker.java:146)
at org.testng.internal.TestMethodWorker.invokeTestMethods(TestMethodWorker.java:146)
at org.testng.internal.TestMethodWorker.run(TestMethodWorker.java:128)
at java.base/java.util.ArrayList.forEach(ArrayList.java:1541)
at org.testng.TestRunner.privateRun(TestRunner.java:794)
at org.testng.TestRunner.run(TestRunner.java:596)
at org.testng.SuiteRunner.runTest(SuiteRunner.java:377)
at org.testng.SuiteRunner.access$000(SuiteRunner.java:28)
at org.testng.SuiteRunner$SuiteWorker.run(SuiteRunner.java:418)
at org.testng.internal.thread.ThreadUtil.lambda$execute$0(ThreadUtil.java:64)
at java.base/java.util.concurrent.FutureTask.run(FutureTask.java:264)
at java.base/java.util.concurrent.ThreadPoolExecutor.runWorker(ThreadPoolExecutor.java:1128)
at java.base/java.util.concurrent.ThreadPoolExecutor$Worker.run(ThreadPoolExecutor.java:628)
at java.base/java.lang.Thread.run(Thread.java:834)
]]>
            </full-stacktrace>
          </exception> <!-- java.lang.AssertionError -->
          <reporter-output>
          </reporter-output>
        </test-method> <!-- CustomerPageSearchEmailTest -->
        <test-method signature="CustomerPageSearchFirstNameTest()[pri:0, instance:JKE2EProjectTests.CustomerPageTest@5be82d43]" started-at="2021-11-22T19:49:26 IST" name="CustomerPageSearchFirstNameTest" description="Verify searching of customers using First Name" finished-at="2021-11-22T19:49:31 IST" duration-ms="4540" status="PASS">
          <reporter-output>
          </reporter-output>
        </test-method> <!-- CustomerPageSearchFirstNameTest -->
        <test-method is-config="true" signature="teardown()[pri:0, instance:JKE2EProjectTests.CustomerPageTest@5be82d43]" started-at="2021-11-22T19:49:31 IST" name="teardown" finished-at="2021-11-22T19:49:31 IST" duration-ms="68" status="PASS">
          <reporter-output>
          </reporter-output>
        </test-method> <!-- teardown -->
      </class> <!-- JKE2EProjectTests.CustomerPageTest -->
    </test> <!-- ValidateCustomerPage -->
  </suite> <!-- Suite -->
</testng-results>
