<?xml version="1.0" encoding="UTF-8"?>
<testng-results ignored="0" total="5" passed="5" failed="0" skipped="0">
  <reporter-output>
  </reporter-output>
  <suite started-at="2021-11-22T21:46:59 IST" name="Suite" finished-at="2021-11-22T21:47:46 IST" duration-ms="46204">
    <groups>
    </groups>
    <test started-at="2021-11-22T21:46:59 IST" name="ValidateHomePage" finished-at="2021-11-22T21:47:35 IST" duration-ms="35514">
      <class name="JKE2EProjectTests.HomePageTest">
        <test-method is-config="true" signature="initialize()[pri:0, instance:JKE2EProjectTests.HomePageTest@402f80f5]" started-at="2021-11-22T21:46:59 IST" name="initialize" finished-at="2021-11-22T21:47:19 IST" duration-ms="19367" status="PASS">
          <reporter-output>
          </reporter-output>
        </test-method> <!-- initialize -->
        <test-method signature="HomeTest()[pri:0, instance:JKE2EProjectTests.HomePageTest@402f80f5]" started-at="2021-11-22T21:47:19 IST" name="HomeTest" description="Verify all the side menu items are displayed" finished-at="2021-11-22T21:47:35 IST" duration-ms="16019" status="PASS">
          <reporter-output>
          </reporter-output>
        </test-method> <!-- HomeTest -->
        <test-method is-config="true" signature="teardown()[pri:0, instance:JKE2EProjectTests.HomePageTest@402f80f5]" started-at="2021-11-22T21:47:35 IST" name="teardown" finished-at="2021-11-22T21:47:35 IST" duration-ms="117" status="PASS">
          <reporter-output>
          </reporter-output>
        </test-method> <!-- teardown -->
      </class> <!-- JKE2EProjectTests.HomePageTest -->
    </test> <!-- ValidateHomePage -->
    <test started-at="2021-11-22T21:46:59 IST" name="ValidateLoginTest" finished-at="2021-11-22T21:47:37 IST" duration-ms="37520">
      <class name="JKE2EProjectTests.LoginPageTest">
        <test-method is-config="true" signature="initialize()[pri:0, instance:JKE2EProjectTests.LoginPageTest@70d2e40b]" started-at="2021-11-22T21:46:59 IST" name="initialize" finished-at="2021-11-22T21:47:03 IST" duration-ms="3877" status="PASS">
          <reporter-output>
          </reporter-output>
        </test-method> <!-- initialize -->
        <test-method signature="LoginTest(java.lang.String,java.lang.String,java.lang.String)[pri:0, instance:JKE2EProjectTests.LoginPageTest@70d2e40b]" started-at="2021-11-22T21:47:03 IST" name="LoginTest" description="Verify logging in with two different users" data-provider="getData" finished-at="2021-11-22T21:47:31 IST" duration-ms="27795" status="PASS">
          <params>
            <param index="0">
              <value>
                <![CDATA[admin@yourstore.com]]>
              </value>
            </param>
            <param index="1">
              <value>
                <![CDATA[admin]]>
              </value>
            </param>
            <param index="2">
              <value>
                <![CDATA[SuperAdmin]]>
              </value>
            </param>
          </params>
          <reporter-output>
          </reporter-output>
        </test-method> <!-- LoginTest -->
        <test-method signature="LoginTest(java.lang.String,java.lang.String,java.lang.String)[pri:0, instance:JKE2EProjectTests.LoginPageTest@70d2e40b]" started-at="2021-11-22T21:47:31 IST" name="LoginTest" description="Verify logging in with two different users" data-provider="getData" finished-at="2021-11-22T21:47:37 IST" duration-ms="5667" status="PASS">
          <params>
            <param index="0">
              <value>
                <![CDATA[ADMIN@YOURSTORE.com]]>
              </value>
            </param>
            <param index="1">
              <value>
                <![CDATA[admin]]>
              </value>
            </param>
            <param index="2">
              <value>
                <![CDATA[Admin]]>
              </value>
            </param>
          </params>
          <reporter-output>
          </reporter-output>
        </test-method> <!-- LoginTest -->
        <test-method is-config="true" signature="teardown()[pri:0, instance:JKE2EProjectTests.LoginPageTest@70d2e40b]" started-at="2021-11-22T21:47:37 IST" name="teardown" finished-at="2021-11-22T21:47:37 IST" duration-ms="94" status="PASS">
          <reporter-output>
          </reporter-output>
        </test-method> <!-- teardown -->
      </class> <!-- JKE2EProjectTests.LoginPageTest -->
    </test> <!-- ValidateLoginTest -->
    <test started-at="2021-11-22T21:46:59 IST" name="ValidateCustomerPage" finished-at="2021-11-22T21:47:46 IST" duration-ms="46204">
      <class name="JKE2EProjectTests.CustomerPageTest">
        <test-method is-config="true" signature="initialize()[pri:0, instance:JKE2EProjectTests.CustomerPageTest@3d4d3fe7]" started-at="2021-11-22T21:46:59 IST" name="initialize" finished-at="2021-11-22T21:47:34 IST" duration-ms="34477" status="PASS">
          <reporter-output>
          </reporter-output>
        </test-method> <!-- initialize -->
        <test-method signature="CustomerPageSearchEmailTest()[pri:0, instance:JKE2EProjectTests.CustomerPageTest@3d4d3fe7]" started-at="2021-11-22T21:47:34 IST" name="CustomerPageSearchEmailTest" description="Verify searching of customers using Email ID" finished-at="2021-11-22T21:47:41 IST" duration-ms="7316" status="PASS">
          <reporter-output>
          </reporter-output>
        </test-method> <!-- CustomerPageSearchEmailTest -->
        <test-method signature="CustomerPageSearchFirstNameTest()[pri:0, instance:JKE2EProjectTests.CustomerPageTest@3d4d3fe7]" started-at="2021-11-22T21:47:41 IST" name="CustomerPageSearchFirstNameTest" description="Verify searching of customers using First Name" finished-at="2021-11-22T21:47:46 IST" duration-ms="4301" status="PASS">
          <reporter-output>
          </reporter-output>
        </test-method> <!-- CustomerPageSearchFirstNameTest -->
        <test-method is-config="true" signature="teardown()[pri:0, instance:JKE2EProjectTests.CustomerPageTest@3d4d3fe7]" started-at="2021-11-22T21:47:46 IST" name="teardown" finished-at="2021-11-22T21:47:46 IST" duration-ms="98" status="PASS">
          <reporter-output>
          </reporter-output>
        </test-method> <!-- teardown -->
      </class> <!-- JKE2EProjectTests.CustomerPageTest -->
    </test> <!-- ValidateCustomerPage -->
  </suite> <!-- Suite -->
</testng-results>
